<?xml version="1.0" encoding="UTF-8"?>
<testng-results ignored="0" total="1" passed="1" failed="0" skipped="0">
  <reporter-output>
    <line>
      <![CDATA[Test started]]>
    </line>
    <line>
      <![CDATA[Test case passed]]>
    </line>
  </reporter-output>
  <suite started-at="2026-03-30T20:24:21 EDT" name="Default suite" finished-at="2026-03-30T20:24:37 EDT" duration-ms="15799">
    <groups>
    </groups>
    <test started-at="2026-03-30T20:24:21 EDT" name="Default test" finished-at="2026-03-30T20:24:37 EDT" duration-ms="15799">
      <class name="TestClasses.BookedAppointmentHistoryTest">
        <test-method is-config="true" signature="launchBrowser()[pri:0, instance:TestClasses.BookedAppointmentHistoryTest@a1153bc]" started-at="2026-03-30T20:24:21 EDT" name="launchBrowser" finished-at="2026-03-30T20:24:29 EDT" duration-ms="7532" status="PASS">
          <reporter-output>
          </reporter-output>
        </test-method> <!-- launchBrowser -->
        <test-method signature="validateAppointments()[pri:0, instance:TestClasses.BookedAppointmentHistoryTest@a1153bc]" started-at="2026-03-30T20:24:29 EDT" name="validateAppointments" finished-at="2026-03-30T20:24:36 EDT" duration-ms="6513" status="PASS">
          <reporter-output>
            <line>
              <![CDATA[Test started]]>
            </line>
            <line>
              <![CDATA[Test case passed]]>
            </line>
          </reporter-output>
        </test-method> <!-- validateAppointments -->
        <test-method is-config="true" signature="browserClose()[pri:0, instance:TestClasses.BookedAppointmentHistoryTest@a1153bc]" started-at="2026-03-30T20:24:36 EDT" name="browserClose" finished-at="2026-03-30T20:24:37 EDT" duration-ms="1676" status="PASS">
          <reporter-output>
          </reporter-output>
        </test-method> <!-- browserClose -->
      </class> <!-- TestClasses.BookedAppointmentHistoryTest -->
    </test> <!-- Default test -->
  </suite> <!-- Default suite -->
</testng-results>
