<?xml version="1.0" encoding="UTF-8"?>
<!-- Generated by org.testng.reporters.JUnitXMLReporter -->
<testsuite ignored="2" hostname="LAPTOP-R773QNJC" failures="0" tests="2" name="Test" time="20.805" errors="0" timestamp="2026-03-30T20:20:45 EDT">
  <testcase classname="TestClasses.LoginTest" name="executeLogin" time="1.645"/>
  <testcase classname="TestClasses.LogOutTest" name="logOut" time="2.706"/>
  <testcase classname="TestClasses.MakeAppointmentTest" name="createAppointment" time="0.0">
    <ignored/>
  </testcase> <!-- createAppointment -->
  <testcase classname="TestClasses.BookedAppointmentHistoryTest" name="validateAppointments" time="0.0">
    <ignored/>
  </testcase> <!-- validateAppointments -->
</testsuite> <!-- Test -->
