<?xml version="1.0" encoding="UTF-8"?>
<!-- Generated by org.testng.reporters.JUnitReportReporter -->
<testsuite hostname="LAPTOP-R773QNJC" failures="0" tests="1" name="TestClasses.LogOutTest" time="10.171" errors="0" timestamp="2026-03-30T20:20:46 EDT" skipped="0">
  <testcase classname="TestClasses.LogOutTest" name="logOut" time="10.171">
    <system-out>
      <![CDATA[Test started
Test case passed]]>
    </system-out>
  </testcase> <!-- logOut -->
  <system-out>
    <![CDATA[Test started
Test case passed
Test started
Test case passed]]>
  </system-out>
</testsuite> <!-- TestClasses.LogOutTest -->
