<?xml version="1.0" encoding="UTF-8"?>
<!-- Generated by org.testng.reporters.JUnitReportReporter -->
<testsuite hostname="LAPTOP-R773QNJC" failures="0" tests="1" name="TestClasses.BookedAppointmentHistoryTest" time="15.721" errors="0" timestamp="2026-03-30T20:24:37 EDT" skipped="0">
  <testcase classname="TestClasses.BookedAppointmentHistoryTest" name="validateAppointments" time="15.721">
    <system-out>
      <![CDATA[Test started
Test case passed]]>
    </system-out>
  </testcase> <!-- validateAppointments -->
  <system-out>
    <![CDATA[Test started
Test case passed]]>
  </system-out>
</testsuite> <!-- TestClasses.BookedAppointmentHistoryTest -->
