<?xml version="1.0" encoding="UTF-8"?>
<!-- Generated by org.testng.reporters.JUnitReportReporter -->
<testsuite hostname="LAPTOP-R773QNJC" failures="0" tests="2" name="TestClasses.MakeAppointmentTest" time="30.769" errors="0" timestamp="2026-03-30T20:24:17 EDT" skipped="0">
  <testcase classname="TestClasses.MakeAppointmentTest" name="createAppointment" time="14.369">
    <system-out>
      <![CDATA[Test started
Test case passed]]>
    </system-out>
  </testcase> <!-- createAppointment -->
  <testcase classname="TestClasses.MakeAppointmentTest" name="createAppointment" time="16.400">
    <system-out>
      <![CDATA[Test started
Test case passed]]>
    </system-out>
  </testcase> <!-- createAppointment -->
  <system-out>
    <![CDATA[Test started
Test case passed
Test started
Test case passed]]>
  </system-out>
</testsuite> <!-- TestClasses.MakeAppointmentTest -->
